<!DOCTYPE html>
<html>
<head>
    <title>Unittest Results</title>
    <meta charset="utf-8">
    <meta name="viewport" content="width=device-width, initial-scale=1.0">
    <link rel="stylesheet" href="https://maxcdn.bootstrapcdn.com/bootstrap/3.3.6/css/bootstrap.min.css" integrity="sha384-1q8mTJOASx8j1Au+a5WDVnPi2lkFfwwEAa8hDDdjZlpLegxhjVME1fgjWPGmkzs7" crossorigin="anonymous">
</head>
<body>
    <div class="container">
        <div class="row">
            <div class="col-xs-12">
                <h2 class="text-capitalize">Unittest Results</h2>
                <p class='attribute'><strong>Start Time: </strong>2021-01-08 17:48:41</p>
                <p class='attribute'><strong>Duration: </strong>26.93 s</p>
                <p class='attribute'><strong>Summary: </strong>Total: 3, Pass: 1, Error: 2</p>
            </div>
        </div>
        <div class="row">
            <div class="col-xs-12 col-sm-10 col-md-10">
                <table class='table table-hover table-responsive'>
                    <thead>
                        <tr>
                            <th>__main__.LoginTest</th>
                            <th>Status</th>
                            <th></th>
                        </tr>
                    </thead>
                    <tbody>
                        <tr class='warning'>
                            <td class="col-xs-10">test_01_login_empty_cpf</td>
                            <td class="col-xs-1">
                                <span class="label label-warning" style="display:block;width:40px;">Error</span>
                            </td>
                            <td class="col-xs-1">
                                <button class="btn btn-default btn-xs">View</button>
                            </td>
                        </tr>
                        <tr style="display:none;">
                            <td class="col-xs-9" colspan="3"><p style="color:maroon;">ElementNotInteractableException: Message: Element <button class="button button--primary w-100" type="submit"> could not be scrolled into view
</p><p style="color:maroon;">Traceback (most recent call last):
  File "/Users/guilhermelemke/Documents/Python/serasa/Tests/login.py", line 31, in test_01_login_empty_cpf
    login.click_confirm()
  File "/Users/guilhermelemke/Documents/Python/serasa/Tests/../../serasa/Pages/loginPage.py", line 17, in click_confirm
    self.browser.find_element_by_css_selector(Locators.confirm_button_css_selector).click()
  File "/Users/guilhermelemke/Documents/Python/serasa/venv/lib/python3.9/site-packages/selenium/webdriver/remote/webelement.py", line 80, in click
    self._execute(Command.CLICK_ELEMENT)
  File "/Users/guilhermelemke/Documents/Python/serasa/venv/lib/python3.9/site-packages/selenium/webdriver/remote/webelement.py", line 633, in _execute
    return self._parent.execute(command, params)
  File "/Users/guilhermelemke/Documents/Python/serasa/venv/lib/python3.9/site-packages/selenium/webdriver/remote/webdriver.py", line 321, in execute
    self.error_handler.check_response(response)
  File "/Users/guilhermelemke/Documents/Python/serasa/venv/lib/python3.9/site-packages/selenium/webdriver/remote/errorhandler.py", line 242, in check_response
    raise exception_class(message, screen, stacktrace)
selenium.common.exceptions.ElementNotInteractableException: Message: Element <button class="button button--primary w-100" type="submit"> could not be scrolled into view

</p>
                            </td>
                        </tr>
                        <tr class='success'>
                            <td class="col-xs-10">test_02_login_invalid_cpf</td>
                            <td class="col-xs-1">
                                <span class="label label-success" style="display:block;width:40px;">Pass</span>
                            </td>
                            <td class="col-xs-1">
                            </td>
                        </tr>
                        <tr class='warning'>
                            <td class="col-xs-10">test_03_login_valid_cpf</td>
                            <td class="col-xs-1">
                                <span class="label label-warning" style="display:block;width:40px;">Error</span>
                            </td>
                            <td class="col-xs-1">
                                <button class="btn btn-default btn-xs">View</button>
                            </td>
                        </tr>
                        <tr style="display:none;">
                            <td class="col-xs-9" colspan="3"><p style="color:maroon;">NoSuchElementException: Message: Unable to locate element: [class="_1fpPRNS1"]
</p><p style="color:maroon;">Traceback (most recent call last):
  File "/Users/guilhermelemke/Documents/Python/serasa/Tests/login.py", line 77, in test_03_login_valid_cpf
    message = login.invalid_cpf_message()
  File "/Users/guilhermelemke/Documents/Python/serasa/Tests/../../serasa/Pages/loginPage.py", line 24, in invalid_cpf_message
    msg = self.browser.find_element_by_css_selector(Locators.cpf_message_css_selector).text
  File "/Users/guilhermelemke/Documents/Python/serasa/venv/lib/python3.9/site-packages/selenium/webdriver/remote/webdriver.py", line 598, in find_element_by_css_selector
    return self.find_element(by=By.CSS_SELECTOR, value=css_selector)
  File "/Users/guilhermelemke/Documents/Python/serasa/venv/lib/python3.9/site-packages/selenium/webdriver/remote/webdriver.py", line 976, in find_element
    return self.execute(Command.FIND_ELEMENT, {
  File "/Users/guilhermelemke/Documents/Python/serasa/venv/lib/python3.9/site-packages/selenium/webdriver/remote/webdriver.py", line 321, in execute
    self.error_handler.check_response(response)
  File "/Users/guilhermelemke/Documents/Python/serasa/venv/lib/python3.9/site-packages/selenium/webdriver/remote/errorhandler.py", line 242, in check_response
    raise exception_class(message, screen, stacktrace)
selenium.common.exceptions.NoSuchElementException: Message: Unable to locate element: [class="_1fpPRNS1"]

</p>
                            </td>
                        </tr>
                        <tr>
                            <td colspan="3">
                                Total: 3, Pass: 1, Error: 2 -- Duration: 26.93 s
                            </td>
                        </tr>
                    </tbody>
                </table>
            </div>
        </div>
    </div>
    <script src="https://ajax.googleapis.com/ajax/libs/jquery/2.2.4/jquery.min.js"></script>
    <script type="text/javascript">
        $(document).ready(function(){
            $('td').on('click', '.btn', function(e){
                e.preventDefault();
                e.stopImmediatePropagation();
                var $this = $(this);
                var $nextRow = $this.closest('tr').next('tr');
                $nextRow.slideToggle("fast");
                $this.text(function(i, text){
                    if (text === 'View') {
                        return 'Hide';
                    } else {
                        return 'View';
                    };
                });
            });
        });
    </script>
</body>
</html